<?xml version="1.0" encoding="UTF-8"?>
<testng-results ignored="0" total="4" passed="4" failed="0" skipped="0">
  <reporter-output>
  </reporter-output>
  <suite started-at="2024-05-12T12:04:36 IST" name="My Test Suite" finished-at="2024-05-12T12:04:47 IST" duration-ms="10685">
    <groups>
    </groups>
    <test started-at="2024-05-12T12:04:36 IST" name="Regression Tests" finished-at="2024-05-12T12:04:47 IST" duration-ms="10685">
      <class name="Homepage.Add_remove_test">
        <test-method is-config="true" signature="setup(java.lang.String)[pri:0, instance:Homepage.Add_remove_test@6d763516]" started-at="2024-05-12T12:04:36 IST" name="setup" finished-at="2024-05-12T12:04:43 IST" duration-ms="7258" status="PASS">
          <params>
            <param index="0">
              <value>
                <![CDATA[chrome]]>
              </value>
            </param>
          </params>
          <reporter-output>
          </reporter-output>
        </test-method> <!-- setup -->
        <test-method signature="verify_link()[pri:1, instance:Homepage.Add_remove_test@6d763516]" started-at="2024-05-12T12:04:43 IST" name="verify_link" finished-at="2024-05-12T12:04:44 IST" duration-ms="530" status="PASS">
          <reporter-output>
          </reporter-output>
        </test-method> <!-- verify_link -->
        <test-method signature="verify_page_navigation()[pri:2, instance:Homepage.Add_remove_test@6d763516]" started-at="2024-05-12T12:04:44 IST" name="verify_page_navigation" finished-at="2024-05-12T12:04:44 IST" duration-ms="73" status="PASS">
          <reporter-output>
          </reporter-output>
        </test-method> <!-- verify_page_navigation -->
        <test-method signature="verify_add_element_button()[pri:3, instance:Homepage.Add_remove_test@6d763516]" started-at="2024-05-12T12:04:44 IST" name="verify_add_element_button" finished-at="2024-05-12T12:04:46 IST" duration-ms="2261" status="PASS">
          <reporter-output>
          </reporter-output>
        </test-method> <!-- verify_add_element_button -->
        <test-method signature="verify_delete_button()[pri:4, instance:Homepage.Add_remove_test@6d763516]" started-at="2024-05-12T12:04:46 IST" name="verify_delete_button" finished-at="2024-05-12T12:04:46 IST" duration-ms="200" status="PASS">
          <reporter-output>
          </reporter-output>
        </test-method> <!-- verify_delete_button -->
        <test-method is-config="true" signature="teardown()[pri:0, instance:Homepage.Add_remove_test@6d763516]" started-at="2024-05-12T12:04:46 IST" name="teardown" finished-at="2024-05-12T12:04:47 IST" duration-ms="328" status="PASS">
          <reporter-output>
          </reporter-output>
        </test-method> <!-- teardown -->
      </class> <!-- Homepage.Add_remove_test -->
    </test> <!-- Regression Tests -->
  </suite> <!-- My Test Suite -->
</testng-results>
