<?xml version="1.0" encoding="UTF-8"?>
<!-- Generated by org.testng.reporters.JUnitXMLReporter -->
<testsuite ignored="0" hostname="LAPTOP-68RRB9K3" failures="0" tests="4" name="Regression Tests" time="10.685" errors="0" timestamp="2024-05-12T12:04:47 IST">
  <testcase classname="Homepage.Add_remove_test" name="verify_link" time="0.53"/>
  <testcase classname="Homepage.Add_remove_test" name="verify_page_navigation" time="0.073"/>
  <testcase classname="Homepage.Add_remove_test" name="verify_add_element_button" time="2.261"/>
  <testcase classname="Homepage.Add_remove_test" name="verify_delete_button" time="0.2"/>
</testsuite> <!-- Regression Tests -->
